<?xml version="1.0" encoding="UTF-8"?>
<!-- Generated by org.testng.reporters.JUnitReportReporter -->
<testsuite skipped="0" hostname="DESKTOP-3O8K1S7" name="package1.Selenium2" tests="1" failures="0" timestamp="2019-10-01T18:24:10 IST" time="50.432" errors="0">
  <testcase name="TestRobo" time="50.432" classname="package1.Selenium2"/>
</testsuite> <!-- package1.Selenium2 -->
